<?xml version="1.0" encoding="UTF-8"?>
<!-- Generated by org.testng.reporters.JUnitXMLReporter -->
<testsuite ignored="0" hostname="DESKTOP-VTDFEPK" failures="1" tests="2" name="Default test" time="0.629" errors="0" timestamp="2024-10-11T14:33:10 IST">
  <testcase classname="test.ABC" name="Apple" time="0.017"/>
  <testcase classname="test.ABC" name="Banan" time="0.427">
    <failure type="java.lang.StackOverflowError">
      <![CDATA[java.lang.StackOverflowError
at java.base/java.io.PrintStream.write(PrintStream.java:625)
at java.base/sun.nio.cs.StreamEncoder.writeBytes(StreamEncoder.java:309)
at java.base/sun.nio.cs.StreamEncoder.implFlushBuffer(StreamEncoder.java:405)
at java.base/sun.nio.cs.StreamEncoder.lockedFlushBuffer(StreamEncoder.java:123)
at java.base/sun.nio.cs.StreamEncoder.flushBuffer(StreamEncoder.java:110)
at java.base/java.io.OutputStreamWriter.flushBuffer(OutputStreamWriter.java:192)
at java.base/java.io.PrintStream.implWriteln(PrintStream.java:849)
at java.base/java.io.PrintStream.writeln(PrintStream.java:826)
at java.base/java.io.PrintStream.println(PrintStream.java:1168)
at test.ABC.Banan(ABC.java:18)
at test.ABC.Banan(ABC.java:19)
at test.ABC.Banan(ABC.java:19)
at test.ABC.Banan(ABC.java:19)
at test.ABC.Banan(ABC.java:19)
at test.ABC.Banan(ABC.java:19)
at test.ABC.Banan(ABC.java:19)
at test.ABC.Banan(ABC.java:19)
at test.ABC.Banan(ABC.java:19)
at test.ABC.Banan(ABC.java:19)
at test.ABC.Banan(ABC.java:19)
at test.ABC.Banan(ABC.java:19)
at test.ABC.Banan(ABC.java:19)
at test.ABC.Banan(ABC.java:19)
at test.ABC.Banan(ABC.java:19)
at test.ABC.Banan(ABC.java:19)
at test.ABC.Banan(ABC.java:19)
at test.ABC.Banan(ABC.java:19)
at test.ABC.Banan(ABC.java:19)
at test.ABC.Banan(ABC.java:19)
at test.ABC.Banan(ABC.java:19)
at test.ABC.Banan(ABC.java:19)
at test.ABC.Banan(ABC.java:19)
at test.ABC.Banan(ABC.java:19)
at test.ABC.Banan(ABC.java:19)
at test.ABC.Banan(ABC.java:19)
at test.ABC.Banan(ABC.java:19)
at test.ABC.Banan(ABC.java:19)
at test.ABC.Banan(ABC.java:19)
at test.ABC.Banan(ABC.java:19)
at test.ABC.Banan(ABC.java:19)
at test.ABC.Banan(ABC.java:19)
at test.ABC.Banan(ABC.java:19)
at test.ABC.Banan(ABC.java:19)
at test.ABC.Banan(ABC.java:19)
at test.ABC.Banan(ABC.java:19)
at test.ABC.Banan(ABC.java:19)
at test.ABC.Banan(ABC.java:19)
at test.ABC.Banan(ABC.java:19)
at test.ABC.Banan(ABC.java:19)
at test.ABC.Banan(ABC.java:19)
at test.ABC.Banan(ABC.java:19)
at test.ABC.Banan(ABC.java:19)
at test.ABC.Banan(ABC.java:19)
at test.ABC.Banan(ABC.java:19)
at test.ABC.Banan(ABC.java:19)
at test.ABC.Banan(ABC.java:19)
at test.ABC.Banan(ABC.java:19)
at test.ABC.Banan(ABC.java:19)
at test.ABC.Banan(ABC.java:19)
at test.ABC.Banan(ABC.java:19)
at test.ABC.Banan(ABC.java:19)
at test.ABC.Banan(ABC.java:19)
at test.ABC.Banan(ABC.java:19)
at test.ABC.Banan(ABC.java:19)
at test.ABC.Banan(ABC.java:19)
at test.ABC.Banan(ABC.java:19)
at test.ABC.Banan(ABC.java:19)
at test.ABC.Banan(ABC.java:19)
at test.ABC.Banan(ABC.java:19)
at test.ABC.Banan(ABC.java:19)
at test.ABC.Banan(ABC.java:19)
at test.ABC.Banan(ABC.java:19)
at test.ABC.Banan(ABC.java:19)
at test.ABC.Banan(ABC.java:19)
at test.ABC.Banan(ABC.java:19)
at test.ABC.Banan(ABC.java:19)
at test.ABC.Banan(ABC.java:19)
at test.ABC.Banan(ABC.java:19)
at test.ABC.Banan(ABC.java:19)
at test.ABC.Banan(ABC.java:19)
at test.ABC.Banan(ABC.java:19)
at test.ABC.Banan(ABC.java:19)
at test.ABC.Banan(ABC.java:19)
at test.ABC.Banan(ABC.java:19)
at test.ABC.Banan(ABC.java:19)
at test.ABC.Banan(ABC.java:19)
at test.ABC.Banan(ABC.java:19)
at test.ABC.Banan(ABC.java:19)
at test.ABC.Banan(ABC.java:19)
at test.ABC.Banan(ABC.java:19)
at test.ABC.Banan(ABC.java:19)
at test.ABC.Banan(ABC.java:19)
at test.ABC.Banan(ABC.java:19)
at test.ABC.Banan(ABC.java:19)
at test.ABC.Banan(ABC.java:19)
at test.ABC.Banan(ABC.java:19)
at test.ABC.Banan(ABC.java:19)
at test.ABC.Banan(ABC.java:19)
at test.ABC.Banan(ABC.java:19)
at test.ABC.Banan(ABC.java:19)
at test.ABC.Banan(ABC.java:19)
at test.ABC.Banan(ABC.java:19)
at test.ABC.Banan(ABC.java:19)
at test.ABC.Banan(ABC.java:19)
at test.ABC.Banan(ABC.java:19)
at test.ABC.Banan(ABC.java:19)
at test.ABC.Banan(ABC.java:19)
at test.ABC.Banan(ABC.java:19)
at test.ABC.Banan(ABC.java:19)
at test.ABC.Banan(ABC.java:19)
at test.ABC.Banan(ABC.java:19)
at test.ABC.Banan(ABC.java:19)
at test.ABC.Banan(ABC.java:19)
at test.ABC.Banan(ABC.java:19)
at test.ABC.Banan(ABC.java:19)
at test.ABC.Banan(ABC.java:19)
at test.ABC.Banan(ABC.java:19)
at test.ABC.Banan(ABC.java:19)
at test.ABC.Banan(ABC.java:19)
at test.ABC.Banan(ABC.java:19)
at test.ABC.Banan(ABC.java:19)
at test.ABC.Banan(ABC.java:19)
at test.ABC.Banan(ABC.java:19)
at test.ABC.Banan(ABC.java:19)
at test.ABC.Banan(ABC.java:19)
at test.ABC.Banan(ABC.java:19)
at test.ABC.Banan(ABC.java:19)
at test.ABC.Banan(ABC.java:19)
at test.ABC.Banan(ABC.java:19)
at test.ABC.Banan(ABC.java:19)
at test.ABC.Banan(ABC.java:19)
at test.ABC.Banan(ABC.java:19)
at test.ABC.Banan(ABC.java:19)
at test.ABC.Banan(ABC.java:19)
at test.ABC.Banan(ABC.java:19)
at test.ABC.Banan(ABC.java:19)
at test.ABC.Banan(ABC.java:19)
at test.ABC.Banan(ABC.java:19)
at test.ABC.Banan(ABC.java:19)
at test.ABC.Banan(ABC.java:19)
at test.ABC.Banan(ABC.java:19)
at test.ABC.Banan(ABC.java:19)
at test.ABC.Banan(ABC.java:19)
at test.ABC.Banan(ABC.java:19)
at test.ABC.Banan(ABC.java:19)
at test.ABC.Banan(ABC.java:19)
at test.ABC.Banan(ABC.java:19)
at test.ABC.Banan(ABC.java:19)
at test.ABC.Banan(ABC.java:19)
at test.ABC.Banan(ABC.java:19)
at test.ABC.Banan(ABC.java:19)
at test.ABC.Banan(ABC.java:19)
at test.ABC.Banan(ABC.java:19)
at test.ABC.Banan(ABC.java:19)
at test.ABC.Banan(ABC.java:19)
at test.ABC.Banan(ABC.java:19)
at test.ABC.Banan(ABC.java:19)
at test.ABC.Banan(ABC.java:19)
at test.ABC.Banan(ABC.java:19)
at test.ABC.Banan(ABC.java:19)
at test.ABC.Banan(ABC.java:19)
at test.ABC.Banan(ABC.java:19)
at test.ABC.Banan(ABC.java:19)
at test.ABC.Banan(ABC.java:19)
at test.ABC.Banan(ABC.java:19)
at test.ABC.Banan(ABC.java:19)
at test.ABC.Banan(ABC.java:19)
at test.ABC.Banan(ABC.java:19)
at test.ABC.Banan(ABC.java:19)
at test.ABC.Banan(ABC.java:19)
at test.ABC.Banan(ABC.java:19)
at test.ABC.Banan(ABC.java:19)
at test.ABC.Banan(ABC.java:19)
at test.ABC.Banan(ABC.java:19)
at test.ABC.Banan(ABC.java:19)
at test.ABC.Banan(ABC.java:19)
at test.ABC.Banan(ABC.java:19)
at test.ABC.Banan(ABC.java:19)
at test.ABC.Banan(ABC.java:19)
at test.ABC.Banan(ABC.java:19)
at test.ABC.Banan(ABC.java:19)
at test.ABC.Banan(ABC.java:19)
at test.ABC.Banan(ABC.java:19)
at test.ABC.Banan(ABC.java:19)
at test.ABC.Banan(ABC.java:19)
at test.ABC.Banan(ABC.java:19)
at test.ABC.Banan(ABC.java:19)
at test.ABC.Banan(ABC.java:19)
at test.ABC.Banan(ABC.java:19)
at test.ABC.Banan(ABC.java:19)
at test.ABC.Banan(ABC.java:19)
at test.ABC.Banan(ABC.java:19)
at test.ABC.Banan(ABC.java:19)
at test.ABC.Banan(ABC.java:19)
at test.ABC.Banan(ABC.java:19)
at test.ABC.Banan(ABC.java:19)
at test.ABC.Banan(ABC.java:19)
at test.ABC.Banan(ABC.java:19)
at test.ABC.Banan(ABC.java:19)
at test.ABC.Banan(ABC.java:19)
at test.ABC.Banan(ABC.java:19)
at test.ABC.Banan(ABC.java:19)
at test.ABC.Banan(ABC.java:19)
at test.ABC.Banan(ABC.java:19)
at test.ABC.Banan(ABC.java:19)
at test.ABC.Banan(ABC.java:19)
at test.ABC.Banan(ABC.java:19)
at test.ABC.Banan(ABC.java:19)
at test.ABC.Banan(ABC.java:19)
at test.ABC.Banan(ABC.java:19)
at test.ABC.Banan(ABC.java:19)
at test.ABC.Banan(ABC.java:19)
at test.ABC.Banan(ABC.java:19)
at test.ABC.Banan(ABC.java:19)
at test.ABC.Banan(ABC.java:19)
at test.ABC.Banan(ABC.java:19)
at test.ABC.Banan(ABC.java:19)
at test.ABC.Banan(ABC.java:19)
at test.ABC.Banan(ABC.java:19)
at test.ABC.Banan(ABC.java:19)
at test.ABC.Banan(ABC.java:19)
at test.ABC.Banan(ABC.java:19)
at test.ABC.Banan(ABC.java:19)
at test.ABC.Banan(ABC.java:19)
at test.ABC.Banan(ABC.java:19)
at test.ABC.Banan(ABC.java:19)
at test.ABC.Banan(ABC.java:19)
at test.ABC.Banan(ABC.java:19)
at test.ABC.Banan(ABC.java:19)
at test.ABC.Banan(ABC.java:19)
at test.ABC.Banan(ABC.java:19)
at test.ABC.Banan(ABC.java:19)
at test.ABC.Banan(ABC.java:19)
at test.ABC.Banan(ABC.java:19)
at test.ABC.Banan(ABC.java:19)
at test.ABC.Banan(ABC.java:19)
at test.ABC.Banan(ABC.java:19)
at test.ABC.Banan(ABC.java:19)
at test.ABC.Banan(ABC.java:19)
at test.ABC.Banan(ABC.java:19)
at test.ABC.Banan(ABC.java:19)
at test.ABC.Banan(ABC.java:19)
at test.ABC.Banan(ABC.java:19)
at test.ABC.Banan(ABC.java:19)
at test.ABC.Banan(ABC.java:19)
at test.ABC.Banan(ABC.java:19)
at test.ABC.Banan(ABC.java:19)
at test.ABC.Banan(ABC.java:19)
at test.ABC.Banan(ABC.java:19)
at test.ABC.Banan(ABC.java:19)
at test.ABC.Banan(ABC.java:19)
at test.ABC.Banan(ABC.java:19)
at test.ABC.Banan(ABC.java:19)
at test.ABC.Banan(ABC.java:19)
at test.ABC.Banan(ABC.java:19)
at test.ABC.Banan(ABC.java:19)
at test.ABC.Banan(ABC.java:19)
at test.ABC.Banan(ABC.java:19)
at test.ABC.Banan(ABC.java:19)
at test.ABC.Banan(ABC.java:19)
at test.ABC.Banan(ABC.java:19)
at test.ABC.Banan(ABC.java:19)
at test.ABC.Banan(ABC.java:19)
at test.ABC.Banan(ABC.java:19)
at test.ABC.Banan(ABC.java:19)
at test.ABC.Banan(ABC.java:19)
at test.ABC.Banan(ABC.java:19)
at test.ABC.Banan(ABC.java:19)
at test.ABC.Banan(ABC.java:19)
at test.ABC.Banan(ABC.java:19)
at test.ABC.Banan(ABC.java:19)
at test.ABC.Banan(ABC.java:19)
at test.ABC.Banan(ABC.java:19)
at test.ABC.Banan(ABC.java:19)
at test.ABC.Banan(ABC.java:19)
at test.ABC.Banan(ABC.java:19)
at test.ABC.Banan(ABC.java:19)
at test.ABC.Banan(ABC.java:19)
at test.ABC.Banan(ABC.java:19)
at test.ABC.Banan(ABC.java:19)
at test.ABC.Banan(ABC.java:19)
at test.ABC.Banan(ABC.java:19)
at test.ABC.Banan(ABC.java:19)
at test.ABC.Banan(ABC.java:19)
at test.ABC.Banan(ABC.java:19)
at test.ABC.Banan(ABC.java:19)
at test.ABC.Banan(ABC.java:19)
at test.ABC.Banan(ABC.java:19)
at test.ABC.Banan(ABC.java:19)
at test.ABC.Banan(ABC.java:19)
at test.ABC.Banan(ABC.java:19)
at test.ABC.Banan(ABC.java:19)
at test.ABC.Banan(ABC.java:19)
at test.ABC.Banan(ABC.java:19)
at test.ABC.Banan(ABC.java:19)
at test.ABC.Banan(ABC.java:19)
at test.ABC.Banan(ABC.java:19)
at test.ABC.Banan(ABC.java:19)
at test.ABC.Banan(ABC.java:19)
at test.ABC.Banan(ABC.java:19)
at test.ABC.Banan(ABC.java:19)
at test.ABC.Banan(ABC.java:19)
at test.ABC.Banan(ABC.java:19)
at test.ABC.Banan(ABC.java:19)
at test.ABC.Banan(ABC.java:19)
at test.ABC.Banan(ABC.java:19)
at test.ABC.Banan(ABC.java:19)
at test.ABC.Banan(ABC.java:19)
at test.ABC.Banan(ABC.java:19)
at test.ABC.Banan(ABC.java:19)
at test.ABC.Banan(ABC.java:19)
at test.ABC.Banan(ABC.java:19)
at test.ABC.Banan(ABC.java:19)
at test.ABC.Banan(ABC.java:19)
at test.ABC.Banan(ABC.java:19)
at test.ABC.Banan(ABC.java:19)
at test.ABC.Banan(ABC.java:19)
at test.ABC.Banan(ABC.java:19)
at test.ABC.Banan(ABC.java:19)
at test.ABC.Banan(ABC.java:19)
at test.ABC.Banan(ABC.java:19)
at test.ABC.Banan(ABC.java:19)
at test.ABC.Banan(ABC.java:19)
at test.ABC.Banan(ABC.java:19)
at test.ABC.Banan(ABC.java:19)
at test.ABC.Banan(ABC.java:19)
at test.ABC.Banan(ABC.java:19)
at test.ABC.Banan(ABC.java:19)
at test.ABC.Banan(ABC.java:19)
at test.ABC.Banan(ABC.java:19)
at test.ABC.Banan(ABC.java:19)
at test.ABC.Banan(ABC.java:19)
at test.ABC.Banan(ABC.java:19)
at test.ABC.Banan(ABC.java:19)
at test.ABC.Banan(ABC.java:19)
at test.ABC.Banan(ABC.java:19)
at test.ABC.Banan(ABC.java:19)
at test.ABC.Banan(ABC.java:19)
at test.ABC.Banan(ABC.java:19)
at test.ABC.Banan(ABC.java:19)
at test.ABC.Banan(ABC.java:19)
at test.ABC.Banan(ABC.java:19)
at test.ABC.Banan(ABC.java:19)
at test.ABC.Banan(ABC.java:19)
at test.ABC.Banan(ABC.java:19)
at test.ABC.Banan(ABC.java:19)
at test.ABC.Banan(ABC.java:19)
at test.ABC.Banan(ABC.java:19)
at test.ABC.Banan(ABC.java:19)
at test.ABC.Banan(ABC.java:19)
at test.ABC.Banan(ABC.java:19)
at test.ABC.Banan(ABC.java:19)
at test.ABC.Banan(ABC.java:19)
at test.ABC.Banan(ABC.java:19)
at test.ABC.Banan(ABC.java:19)
at test.ABC.Banan(ABC.java:19)
at test.ABC.Banan(ABC.java:19)
at test.ABC.Banan(ABC.java:19)
at test.ABC.Banan(ABC.java:19)
at test.ABC.Banan(ABC.java:19)
at test.ABC.Banan(ABC.java:19)
at test.ABC.Banan(ABC.java:19)
at test.ABC.Banan(ABC.java:19)
at test.ABC.Banan(ABC.java:19)
at test.ABC.Banan(ABC.java:19)
at test.ABC.Banan(ABC.java:19)
at test.ABC.Banan(ABC.java:19)
at test.ABC.Banan(ABC.java:19)
at test.ABC.Banan(ABC.java:19)
at test.ABC.Banan(ABC.java:19)
at test.ABC.Banan(ABC.java:19)
at test.ABC.Banan(ABC.java:19)
at test.ABC.Banan(ABC.java:19)
at test.ABC.Banan(ABC.java:19)
at test.ABC.Banan(ABC.java:19)
at test.ABC.Banan(ABC.java:19)
at test.ABC.Banan(ABC.java:19)
at test.ABC.Banan(ABC.java:19)
at test.ABC.Banan(ABC.java:19)
at test.ABC.Banan(ABC.java:19)
at test.ABC.Banan(ABC.java:19)
at test.ABC.Banan(ABC.java:19)
at test.ABC.Banan(ABC.java:19)
at test.ABC.Banan(ABC.java:19)
at test.ABC.Banan(ABC.java:19)
at test.ABC.Banan(ABC.java:19)
at test.ABC.Banan(ABC.java:19)
at test.ABC.Banan(ABC.java:19)
at test.ABC.Banan(ABC.java:19)
at test.ABC.Banan(ABC.java:19)
at test.ABC.Banan(ABC.java:19)
at test.ABC.Banan(ABC.java:19)
at test.ABC.Banan(ABC.java:19)
at test.ABC.Banan(ABC.java:19)
at test.ABC.Banan(ABC.java:19)
at test.ABC.Banan(ABC.java:19)
at test.ABC.Banan(ABC.java:19)
at test.ABC.Banan(ABC.java:19)
at test.ABC.Banan(ABC.java:19)
at test.ABC.Banan(ABC.java:19)
at test.ABC.Banan(ABC.java:19)
at test.ABC.Banan(ABC.java:19)
at test.ABC.Banan(ABC.java:19)
at test.ABC.Banan(ABC.java:19)
at test.ABC.Banan(ABC.java:19)
at test.ABC.Banan(ABC.java:19)
at test.ABC.Banan(ABC.java:19)
at test.ABC.Banan(ABC.java:19)
at test.ABC.Banan(ABC.java:19)
at test.ABC.Banan(ABC.java:19)
at test.ABC.Banan(ABC.java:19)
at test.ABC.Banan(ABC.java:19)
at test.ABC.Banan(ABC.java:19)
at test.ABC.Banan(ABC.java:19)
at test.ABC.Banan(ABC.java:19)
at test.ABC.Banan(ABC.java:19)
at test.ABC.Banan(ABC.java:19)
at test.ABC.Banan(ABC.java:19)
at test.ABC.Banan(ABC.java:19)
at test.ABC.Banan(ABC.java:19)
at test.ABC.Banan(ABC.java:19)
at test.ABC.Banan(ABC.java:19)
at test.ABC.Banan(ABC.java:19)
at test.ABC.Banan(ABC.java:19)
at test.ABC.Banan(ABC.java:19)
at test.ABC.Banan(ABC.java:19)
at test.ABC.Banan(ABC.java:19)
at test.ABC.Banan(ABC.java:19)
at test.ABC.Banan(ABC.java:19)
at test.ABC.Banan(ABC.java:19)
at test.ABC.Banan(ABC.java:19)
at test.ABC.Banan(ABC.java:19)
at test.ABC.Banan(ABC.java:19)
at test.ABC.Banan(ABC.java:19)
at test.ABC.Banan(ABC.java:19)
at test.ABC.Banan(ABC.java:19)
at test.ABC.Banan(ABC.java:19)
at test.ABC.Banan(ABC.java:19)
at test.ABC.Banan(ABC.java:19)
at test.ABC.Banan(ABC.java:19)
at test.ABC.Banan(ABC.java:19)
at test.ABC.Banan(ABC.java:19)
at test.ABC.Banan(ABC.java:19)
at test.ABC.Banan(ABC.java:19)
at test.ABC.Banan(ABC.java:19)
at test.ABC.Banan(ABC.java:19)
at test.ABC.Banan(ABC.java:19)
at test.ABC.Banan(ABC.java:19)
at test.ABC.Banan(ABC.java:19)
at test.ABC.Banan(ABC.java:19)
at test.ABC.Banan(ABC.java:19)
at test.ABC.Banan(ABC.java:19)
at test.ABC.Banan(ABC.java:19)
at test.ABC.Banan(ABC.java:19)
at test.ABC.Banan(ABC.java:19)
at test.ABC.Banan(ABC.java:19)
at test.ABC.Banan(ABC.java:19)
at test.ABC.Banan(ABC.java:19)
at test.ABC.Banan(ABC.java:19)
at test.ABC.Banan(ABC.java:19)
at test.ABC.Banan(ABC.java:19)
at test.ABC.Banan(ABC.java:19)
at test.ABC.Banan(ABC.java:19)
at test.ABC.Banan(ABC.java:19)
at test.ABC.Banan(ABC.java:19)
at test.ABC.Banan(ABC.java:19)
at test.ABC.Banan(ABC.java:19)
at test.ABC.Banan(ABC.java:19)
at test.ABC.Banan(ABC.java:19)
at test.ABC.Banan(ABC.java:19)
at test.ABC.Banan(ABC.java:19)
at test.ABC.Banan(ABC.java:19)
at test.ABC.Banan(ABC.java:19)
at test.ABC.Banan(ABC.java:19)
at test.ABC.Banan(ABC.java:19)
at test.ABC.Banan(ABC.java:19)
at test.ABC.Banan(ABC.java:19)
at test.ABC.Banan(ABC.java:19)
at test.ABC.Banan(ABC.java:19)
at test.ABC.Banan(ABC.java:19)
at test.ABC.Banan(ABC.java:19)
at test.ABC.Banan(ABC.java:19)
at test.ABC.Banan(ABC.java:19)
at test.ABC.Banan(ABC.java:19)
at test.ABC.Banan(ABC.java:19)
at test.ABC.Banan(ABC.java:19)
at test.ABC.Banan(ABC.java:19)
at test.ABC.Banan(ABC.java:19)
at test.ABC.Banan(ABC.java:19)
at test.ABC.Banan(ABC.java:19)
at test.ABC.Banan(ABC.java:19)
at test.ABC.Banan(ABC.java:19)
at test.ABC.Banan(ABC.java:19)
at test.ABC.Banan(ABC.java:19)
at test.ABC.Banan(ABC.java:19)
at test.ABC.Banan(ABC.java:19)
at test.ABC.Banan(ABC.java:19)
at test.ABC.Banan(ABC.java:19)
at test.ABC.Banan(ABC.java:19)
at test.ABC.Banan(ABC.java:19)
at test.ABC.Banan(ABC.java:19)
at test.ABC.Banan(ABC.java:19)
at test.ABC.Banan(ABC.java:19)
at test.ABC.Banan(ABC.java:19)
at test.ABC.Banan(ABC.java:19)
at test.ABC.Banan(ABC.java:19)
at test.ABC.Banan(ABC.java:19)
at test.ABC.Banan(ABC.java:19)
at test.ABC.Banan(ABC.java:19)
at test.ABC.Banan(ABC.java:19)
at test.ABC.Banan(ABC.java:19)
at test.ABC.Banan(ABC.java:19)
at test.ABC.Banan(ABC.java:19)
at test.ABC.Banan(ABC.java:19)
at test.ABC.Banan(ABC.java:19)
at test.ABC.Banan(ABC.java:19)
at test.ABC.Banan(ABC.java:19)
at test.ABC.Banan(ABC.java:19)
at test.ABC.Banan(ABC.java:19)
at test.ABC.Banan(ABC.java:19)
at test.ABC.Banan(ABC.java:19)
at test.ABC.Banan(ABC.java:19)
at test.ABC.Banan(ABC.java:19)
at test.ABC.Banan(ABC.java:19)
at test.ABC.Banan(ABC.java:19)
at test.ABC.Banan(ABC.java:19)
at test.ABC.Banan(ABC.java:19)
at test.ABC.Banan(ABC.java:19)
at test.ABC.Banan(ABC.java:19)
at test.ABC.Banan(ABC.java:19)
at test.ABC.Banan(ABC.java:19)
at test.ABC.Banan(ABC.java:19)
at test.ABC.Banan(ABC.java:19)
at test.ABC.Banan(ABC.java:19)
at test.ABC.Banan(ABC.java:19)
at test.ABC.Banan(ABC.java:19)
at test.ABC.Banan(ABC.java:19)
at test.ABC.Banan(ABC.java:19)
at test.ABC.Banan(ABC.java:19)
at test.ABC.Banan(ABC.java:19)
at test.ABC.Banan(ABC.java:19)
at test.ABC.Banan(ABC.java:19)
at test.ABC.Banan(ABC.java:19)
at test.ABC.Banan(ABC.java:19)
at test.ABC.Banan(ABC.java:19)
at test.ABC.Banan(ABC.java:19)
at test.ABC.Banan(ABC.java:19)
at test.ABC.Banan(ABC.java:19)
at test.ABC.Banan(ABC.java:19)
at test.ABC.Banan(ABC.java:19)
at test.ABC.Banan(ABC.java:19)
at test.ABC.Banan(ABC.java:19)
at test.ABC.Banan(ABC.java:19)
at test.ABC.Banan(ABC.java:19)
at test.ABC.Banan(ABC.java:19)
at test.ABC.Banan(ABC.java:19)
at test.ABC.Banan(ABC.java:19)
at test.ABC.Banan(ABC.java:19)
at test.ABC.Banan(ABC.java:19)
at test.ABC.Banan(ABC.java:19)
at test.ABC.Banan(ABC.java:19)
at test.ABC.Banan(ABC.java:19)
at test.ABC.Banan(ABC.java:19)
at test.ABC.Banan(ABC.java:19)
at test.ABC.Banan(ABC.java:19)
at test.ABC.Banan(ABC.java:19)
at test.ABC.Banan(ABC.java:19)
at test.ABC.Banan(ABC.java:19)
at test.ABC.Banan(ABC.java:19)
at test.ABC.Banan(ABC.java:19)
at test.ABC.Banan(ABC.java:19)
at test.ABC.Banan(ABC.java:19)
at test.ABC.Banan(ABC.java:19)
at test.ABC.Banan(ABC.java:19)
at test.ABC.Banan(ABC.java:19)
at test.ABC.Banan(ABC.java:19)
at test.ABC.Banan(ABC.java:19)
at test.ABC.Banan(ABC.java:19)
at test.ABC.Banan(ABC.java:19)
at test.ABC.Banan(ABC.java:19)
at test.ABC.Banan(ABC.java:19)
at test.ABC.Banan(ABC.java:19)
at test.ABC.Banan(ABC.java:19)
at test.ABC.Banan(ABC.java:19)
at test.ABC.Banan(ABC.java:19)
at test.ABC.Banan(ABC.java:19)
at test.ABC.Banan(ABC.java:19)
at test.ABC.Banan(ABC.java:19)
at test.ABC.Banan(ABC.java:19)
at test.ABC.Banan(ABC.java:19)
at test.ABC.Banan(ABC.java:19)
at test.ABC.Banan(ABC.java:19)
at test.ABC.Banan(ABC.java:19)
at test.ABC.Banan(ABC.java:19)
at test.ABC.Banan(ABC.java:19)
at test.ABC.Banan(ABC.java:19)
at test.ABC.Banan(ABC.java:19)
at test.ABC.Banan(ABC.java:19)
at test.ABC.Banan(ABC.java:19)
at test.ABC.Banan(ABC.java:19)
at test.ABC.Banan(ABC.java:19)
at test.ABC.Banan(ABC.java:19)
at test.ABC.Banan(ABC.java:19)
at test.ABC.Banan(ABC.java:19)
at test.ABC.Banan(ABC.java:19)
at test.ABC.Banan(ABC.java:19)
at test.ABC.Banan(ABC.java:19)
at test.ABC.Banan(ABC.java:19)
at test.ABC.Banan(ABC.java:19)
at test.ABC.Banan(ABC.java:19)
at test.ABC.Banan(ABC.java:19)
at test.ABC.Banan(ABC.java:19)
at test.ABC.Banan(ABC.java:19)
at test.ABC.Banan(ABC.java:19)
at test.ABC.Banan(ABC.java:19)
at test.ABC.Banan(ABC.java:19)
at test.ABC.Banan(ABC.java:19)
at test.ABC.Banan(ABC.java:19)
at test.ABC.Banan(ABC.java:19)
at test.ABC.Banan(ABC.java:19)
at test.ABC.Banan(ABC.java:19)
at test.ABC.Banan(ABC.java:19)
at test.ABC.Banan(ABC.java:19)
at test.ABC.Banan(ABC.java:19)
at test.ABC.Banan(ABC.java:19)
at test.ABC.Banan(ABC.java:19)
at test.ABC.Banan(ABC.java:19)
at test.ABC.Banan(ABC.java:19)
at test.ABC.Banan(ABC.java:19)
at test.ABC.Banan(ABC.java:19)
at test.ABC.Banan(ABC.java:19)
at test.ABC.Banan(ABC.java:19)
at test.ABC.Banan(ABC.java:19)
at test.ABC.Banan(ABC.java:19)
at test.ABC.Banan(ABC.java:19)
at test.ABC.Banan(ABC.java:19)
at test.ABC.Banan(ABC.java:19)
at test.ABC.Banan(ABC.java:19)
at test.ABC.Banan(ABC.java:19)
at test.ABC.Banan(ABC.java:19)
at test.ABC.Banan(ABC.java:19)
at test.ABC.Banan(ABC.java:19)
at test.ABC.Banan(ABC.java:19)
at test.ABC.Banan(ABC.java:19)
at test.ABC.Banan(ABC.java:19)
at test.ABC.Banan(ABC.java:19)
at test.ABC.Banan(ABC.java:19)
at test.ABC.Banan(ABC.java:19)
at test.ABC.Banan(ABC.java:19)
at test.ABC.Banan(ABC.java:19)
at test.ABC.Banan(ABC.java:19)
at test.ABC.Banan(ABC.java:19)
at test.ABC.Banan(ABC.java:19)
at test.ABC.Banan(ABC.java:19)
at test.ABC.Banan(ABC.java:19)
at test.ABC.Banan(ABC.java:19)
at test.ABC.Banan(ABC.java:19)
at test.ABC.Banan(ABC.java:19)
at test.ABC.Banan(ABC.java:19)
at test.ABC.Banan(ABC.java:19)
at test.ABC.Banan(ABC.java:19)
at test.ABC.Banan(ABC.java:19)
at test.ABC.Banan(ABC.java:19)
at test.ABC.Banan(ABC.java:19)
at test.ABC.Banan(ABC.java:19)
at test.ABC.Banan(ABC.java:19)
at test.ABC.Banan(ABC.java:19)
at test.ABC.Banan(ABC.java:19)
at test.ABC.Banan(ABC.java:19)
at test.ABC.Banan(ABC.java:19)
at test.ABC.Banan(ABC.java:19)
at test.ABC.Banan(ABC.java:19)
at test.ABC.Banan(ABC.java:19)
at test.ABC.Banan(ABC.java:19)
at test.ABC.Banan(ABC.java:19)
at test.ABC.Banan(ABC.java:19)
at test.ABC.Banan(ABC.java:19)
at test.ABC.Banan(ABC.java:19)
at test.ABC.Banan(ABC.java:19)
at test.ABC.Banan(ABC.java:19)
at test.ABC.Banan(ABC.java:19)
at test.ABC.Banan(ABC.java:19)
at test.ABC.Banan(ABC.java:19)
at test.ABC.Banan(ABC.java:19)
at test.ABC.Banan(ABC.java:19)
at test.ABC.Banan(ABC.java:19)
at test.ABC.Banan(ABC.java:19)
at test.ABC.Banan(ABC.java:19)
at test.ABC.Banan(ABC.java:19)
at test.ABC.Banan(ABC.java:19)
at test.ABC.Banan(ABC.java:19)
at test.ABC.Banan(ABC.java:19)
at test.ABC.Banan(ABC.java:19)
at test.ABC.Banan(ABC.java:19)
at test.ABC.Banan(ABC.java:19)
at test.ABC.Banan(ABC.java:19)
at test.ABC.Banan(ABC.java:19)
at test.ABC.Banan(ABC.java:19)
at test.ABC.Banan(ABC.java:19)
at test.ABC.Banan(ABC.java:19)
at test.ABC.Banan(ABC.java:19)
at test.ABC.Banan(ABC.java:19)
at test.ABC.Banan(ABC.java:19)
at test.ABC.Banan(ABC.java:19)
at test.ABC.Banan(ABC.java:19)
at test.ABC.Banan(ABC.java:19)
at test.ABC.Banan(ABC.java:19)
at test.ABC.Banan(ABC.java:19)
at test.ABC.Banan(ABC.java:19)
at test.ABC.Banan(ABC.java:19)
at test.ABC.Banan(ABC.java:19)
at test.ABC.Banan(ABC.java:19)
at test.ABC.Banan(ABC.java:19)
at test.ABC.Banan(ABC.java:19)
at test.ABC.Banan(ABC.java:19)
at test.ABC.Banan(ABC.java:19)
at test.ABC.Banan(ABC.java:19)
at test.ABC.Banan(ABC.java:19)
at test.ABC.Banan(ABC.java:19)
at test.ABC.Banan(ABC.java:19)
at test.ABC.Banan(ABC.java:19)
at test.ABC.Banan(ABC.java:19)
at test.ABC.Banan(ABC.java:19)
at test.ABC.Banan(ABC.java:19)
at test.ABC.Banan(ABC.java:19)
at test.ABC.Banan(ABC.java:19)
at test.ABC.Banan(ABC.java:19)
at test.ABC.Banan(ABC.java:19)
at test.ABC.Banan(ABC.java:19)
at test.ABC.Banan(ABC.java:19)
at test.ABC.Banan(ABC.java:19)
at test.ABC.Banan(ABC.java:19)
at test.ABC.Banan(ABC.java:19)
at test.ABC.Banan(ABC.java:19)
at test.ABC.Banan(ABC.java:19)
at test.ABC.Banan(ABC.java:19)
at test.ABC.Banan(ABC.java:19)
at test.ABC.Banan(ABC.java:19)
at test.ABC.Banan(ABC.java:19)
at test.ABC.Banan(ABC.java:19)
at test.ABC.Banan(ABC.java:19)
at test.ABC.Banan(ABC.java:19)
at test.ABC.Banan(ABC.java:19)
at test.ABC.Banan(ABC.java:19)
at test.ABC.Banan(ABC.java:19)
at test.ABC.Banan(ABC.java:19)
at test.ABC.Banan(ABC.java:19)
at test.ABC.Banan(ABC.java:19)
at test.ABC.Banan(ABC.java:19)
at test.ABC.Banan(ABC.java:19)
at test.ABC.Banan(ABC.java:19)
at test.ABC.Banan(ABC.java:19)
at test.ABC.Banan(ABC.java:19)
at test.ABC.Banan(ABC.java:19)
at test.ABC.Banan(ABC.java:19)
at test.ABC.Banan(ABC.java:19)
at test.ABC.Banan(ABC.java:19)
at test.ABC.Banan(ABC.java:19)
at test.ABC.Banan(ABC.java:19)
at test.ABC.Banan(ABC.java:19)
at test.ABC.Banan(ABC.java:19)
at test.ABC.Banan(ABC.java:19)
at test.ABC.Banan(ABC.java:19)
at test.ABC.Banan(ABC.java:19)
at test.ABC.Banan(ABC.java:19)
at test.ABC.Banan(ABC.java:19)
at test.ABC.Banan(ABC.java:19)
at test.ABC.Banan(ABC.java:19)
at test.ABC.Banan(ABC.java:19)
at test.ABC.Banan(ABC.java:19)
at test.ABC.Banan(ABC.java:19)
at test.ABC.Banan(ABC.java:19)
at test.ABC.Banan(ABC.java:19)
at test.ABC.Banan(ABC.java:19)
at test.ABC.Banan(ABC.java:19)
at test.ABC.Banan(ABC.java:19)
at test.ABC.Banan(ABC.java:19)
at test.ABC.Banan(ABC.java:19)
at test.ABC.Banan(ABC.java:19)
at test.ABC.Banan(ABC.java:19)
at test.ABC.Banan(ABC.java:19)
at test.ABC.Banan(ABC.java:19)
at test.ABC.Banan(ABC.java:19)
at test.ABC.Banan(ABC.java:19)
at test.ABC.Banan(ABC.java:19)
at test.ABC.Banan(ABC.java:19)
at test.ABC.Banan(ABC.java:19)
at test.ABC.Banan(ABC.java:19)
at test.ABC.Banan(ABC.java:19)
at test.ABC.Banan(ABC.java:19)
at test.ABC.Banan(ABC.java:19)
at test.ABC.Banan(ABC.java:19)
at test.ABC.Banan(ABC.java:19)
at test.ABC.Banan(ABC.java:19)
at test.ABC.Banan(ABC.java:19)
at test.ABC.Banan(ABC.java:19)
at test.ABC.Banan(ABC.java:19)
at test.ABC.Banan(ABC.java:19)
at test.ABC.Banan(ABC.java:19)
at test.ABC.Banan(ABC.java:19)
at test.ABC.Banan(ABC.java:19)
at test.ABC.Banan(ABC.java:19)
at test.ABC.Banan(ABC.java:19)
at test.ABC.Banan(ABC.java:19)
at test.ABC.Banan(ABC.java:19)
at test.ABC.Banan(ABC.java:19)
at test.ABC.Banan(ABC.java:19)
at test.ABC.Banan(ABC.java:19)
at test.ABC.Banan(ABC.java:19)
at test.ABC.Banan(ABC.java:19)
at test.ABC.Banan(ABC.java:19)
at test.ABC.Banan(ABC.java:19)
at test.ABC.Banan(ABC.java:19)
at test.ABC.Banan(ABC.java:19)
at test.ABC.Banan(ABC.java:19)
at test.ABC.Banan(ABC.java:19)
at test.ABC.Banan(ABC.java:19)
at test.ABC.Banan(ABC.java:19)
at test.ABC.Banan(ABC.java:19)
at test.ABC.Banan(ABC.java:19)
at test.ABC.Banan(ABC.java:19)
at test.ABC.Banan(ABC.java:19)
at test.ABC.Banan(ABC.java:19)
at test.ABC.Banan(ABC.java:19)
at test.ABC.Banan(ABC.java:19)
at test.ABC.Banan(ABC.java:19)
at test.ABC.Banan(ABC.java:19)
at test.ABC.Banan(ABC.java:19)
at test.ABC.Banan(ABC.java:19)
at test.ABC.Banan(ABC.java:19)
at test.ABC.Banan(ABC.java:19)
at test.ABC.Banan(ABC.java:19)
at test.ABC.Banan(ABC.java:19)
at test.ABC.Banan(ABC.java:19)
at test.ABC.Banan(ABC.java:19)
at test.ABC.Banan(ABC.java:19)
at test.ABC.Banan(ABC.java:19)
at test.ABC.Banan(ABC.java:19)
at test.ABC.Banan(ABC.java:19)
at test.ABC.Banan(ABC.java:19)
at test.ABC.Banan(ABC.java:19)
at test.ABC.Banan(ABC.java:19)
at test.ABC.Banan(ABC.java:19)
at test.ABC.Banan(ABC.java:19)
at test.ABC.Banan(ABC.java:19)
at test.ABC.Banan(ABC.java:19)
at test.ABC.Banan(ABC.java:19)
at test.ABC.Banan(ABC.java:19)
at test.ABC.Banan(ABC.java:19)
at test.ABC.Banan(ABC.java:19)
at test.ABC.Banan(ABC.java:19)
at test.ABC.Banan(ABC.java:19)
at test.ABC.Banan(ABC.java:19)
at test.ABC.Banan(ABC.java:19)
at test.ABC.Banan(ABC.java:19)
at test.ABC.Banan(ABC.java:19)
at test.ABC.Banan(ABC.java:19)
at test.ABC.Banan(ABC.java:19)
at test.ABC.Banan(ABC.java:19)
at test.ABC.Banan(ABC.java:19)
at test.ABC.Banan(ABC.java:19)
at test.ABC.Banan(ABC.java:19)
at test.ABC.Banan(ABC.java:19)
at test.ABC.Banan(ABC.java:19)
at test.ABC.Banan(ABC.java:19)
at test.ABC.Banan(ABC.java:19)
at test.ABC.Banan(ABC.java:19)
at test.ABC.Banan(ABC.java:19)
at test.ABC.Banan(ABC.java:19)
at test.ABC.Banan(ABC.java:19)
at test.ABC.Banan(ABC.java:19)
at test.ABC.Banan(ABC.java:19)
at test.ABC.Banan(ABC.java:19)
at test.ABC.Banan(ABC.java:19)
at test.ABC.Banan(ABC.java:19)
at test.ABC.Banan(ABC.java:19)
at test.ABC.Banan(ABC.java:19)
at test.ABC.Banan(ABC.java:19)
at test.ABC.Banan(ABC.java:19)
at test.ABC.Banan(ABC.java:19)
at test.ABC.Banan(ABC.java:19)
at test.ABC.Banan(ABC.java:19)
at test.ABC.Banan(ABC.java:19)
at test.ABC.Banan(ABC.java:19)
at test.ABC.Banan(ABC.java:19)
at test.ABC.Banan(ABC.java:19)
at test.ABC.Banan(ABC.java:19)
at test.ABC.Banan(ABC.java:19)
at test.ABC.Banan(ABC.java:19)
at test.ABC.Banan(ABC.java:19)
at test.ABC.Banan(ABC.java:19)
at test.ABC.Banan(ABC.java:19)
at test.ABC.Banan(ABC.java:19)
at test.ABC.Banan(ABC.java:19)
at test.ABC.Banan(ABC.java:19)
at test.ABC.Banan(ABC.java:19)
at test.ABC.Banan(ABC.java:19)
at test.ABC.Banan(ABC.java:19)
at test.ABC.Banan(ABC.java:19)
at test.ABC.Banan(ABC.java:19)
at test.ABC.Banan(ABC.java:19)
at test.ABC.Banan(ABC.java:19)
at test.ABC.Banan(ABC.java:19)
at test.ABC.Banan(ABC.java:19)
at test.ABC.Banan(ABC.java:19)
at test.ABC.Banan(ABC.java:19)
at test.ABC.Banan(ABC.java:19)
at test.ABC.Banan(ABC.java:19)
at test.ABC.Banan(ABC.java:19)
at test.ABC.Banan(ABC.java:19)
at test.ABC.Banan(ABC.java:19)
at test.ABC.Banan(ABC.java:19)
at test.ABC.Banan(ABC.java:19)
at test.ABC.Banan(ABC.java:19)
at test.ABC.Banan(ABC.java:19)
at test.ABC.Banan(ABC.java:19)
at test.ABC.Banan(ABC.java:19)
at test.ABC.Banan(ABC.java:19)
at test.ABC.Banan(ABC.java:19)
at test.ABC.Banan(ABC.java:19)
at test.ABC.Banan(ABC.java:19)
at test.ABC.Banan(ABC.java:19)
at test.ABC.Banan(ABC.java:19)
at test.ABC.Banan(ABC.java:19)
at test.ABC.Banan(ABC.java:19)
at test.ABC.Banan(ABC.java:19)
at test.ABC.Banan(ABC.java:19)
at test.ABC.Banan(ABC.java:19)
at test.ABC.Banan(ABC.java:19)
at test.ABC.Banan(ABC.java:19)
at test.ABC.Banan(ABC.java:19)
at test.ABC.Banan(ABC.java:19)
at test.ABC.Banan(ABC.java:19)
at test.ABC.Banan(ABC.java:19)
at test.ABC.Banan(ABC.java:19)
at test.ABC.Banan(ABC.java:19)
at test.ABC.Banan(ABC.java:19)
at test.ABC.Banan(ABC.java:19)
at test.ABC.Banan(ABC.java:19)
at test.ABC.Banan(ABC.java:19)
at test.ABC.Banan(ABC.java:19)
at test.ABC.Banan(ABC.java:19)
at test.ABC.Banan(ABC.java:19)
at test.ABC.Banan(ABC.java:19)
at test.ABC.Banan(ABC.java:19)
at test.ABC.Banan(ABC.java:19)
at test.ABC.Banan(ABC.java:19)
at test.ABC.Banan(ABC.java:19)
at test.ABC.Banan(ABC.java:19)
at test.ABC.Banan(ABC.java:19)
at test.ABC.Banan(ABC.java:19)
at test.ABC.Banan(ABC.java:19)
at test.ABC.Banan(ABC.java:19)
at test.ABC.Banan(ABC.java:19)
at test.ABC.Banan(ABC.java:19)
at test.ABC.Banan(ABC.java:19)
at test.ABC.Banan(ABC.java:19)
at test.ABC.Banan(ABC.java:19)
at test.ABC.Banan(ABC.java:19)
at test.ABC.Banan(ABC.java:19)
at test.ABC.Banan(ABC.java:19)
at test.ABC.Banan(ABC.java:19)
at test.ABC.Banan(ABC.java:19)
at test.ABC.Banan(ABC.java:19)
at test.ABC.Banan(ABC.java:19)
at test.ABC.Banan(ABC.java:19)
at test.ABC.Banan(ABC.java:19)
at test.ABC.Banan(ABC.java:19)
at test.ABC.Banan(ABC.java:19)
at test.ABC.Banan(ABC.java:19)
at test.ABC.Banan(ABC.java:19)
at test.ABC.Banan(ABC.java:19)
at test.ABC.Banan(ABC.java:19)
at test.ABC.Banan(ABC.java:19)
at test.ABC.Banan(ABC.java:19)
at test.ABC.Banan(ABC.java:19)
at test.ABC.Banan(ABC.java:19)
at test.ABC.Banan(ABC.java:19)
at test.ABC.Banan(ABC.java:19)
at test.ABC.Banan(ABC.java:19)
at test.ABC.Banan(ABC.java:19)
at test.ABC.Banan(ABC.java:19)
at test.ABC.Banan(ABC.java:19)
at test.ABC.Banan(ABC.java:19)
at test.ABC.Banan(ABC.java:19)
at test.ABC.Banan(ABC.java:19)
at test.ABC.Banan(ABC.java:19)
at test.ABC.Banan(ABC.java:19)
at test.ABC.Banan(ABC.java:19)
at test.ABC.Banan(ABC.java:19)
at test.ABC.Banan(ABC.java:19)
at test.ABC.Banan(ABC.java:19)
at test.ABC.Banan(ABC.java:19)
at test.ABC.Banan(ABC.java:19)
at test.ABC.Banan(ABC.java:19)
at test.ABC.Banan(ABC.java:19)
at test.ABC.Banan(ABC.java:19)
at test.ABC.Banan(ABC.java:19)
at test.ABC.Banan(ABC.java:19)
at test.ABC.Banan(ABC.java:19)
at test.ABC.Banan(ABC.java:19)
at test.ABC.Banan(ABC.java:19)
at test.ABC.Banan(ABC.java:19)
at test.ABC.Banan(ABC.java:19)
at test.ABC.Banan(ABC.java:19)
at test.ABC.Banan(ABC.java:19)
at test.ABC.Banan(ABC.java:19)
at test.ABC.Banan(ABC.java:19)
at test.ABC.Banan(ABC.java:19)
at test.ABC.Banan(ABC.java:19)
at test.ABC.Banan(ABC.java:19)
at test.ABC.Banan(ABC.java:19)
at test.ABC.Banan(ABC.java:19)
at test.ABC.Banan(ABC.java:19)
at test.ABC.Banan(ABC.java:19)
at test.ABC.Banan(ABC.java:19)
at test.ABC.Banan(ABC.java:19)
at test.ABC.Banan(ABC.java:19)
at test.ABC.Banan(ABC.java:19)
at test.ABC.Banan(ABC.java:19)
at test.ABC.Banan(ABC.java:19)
at test.ABC.Banan(ABC.java:19)
at test.ABC.Banan(ABC.java:19)
at test.ABC.Banan(ABC.java:19)
]]>
    </failure>
  </testcase> <!-- Banan -->
</testsuite> <!-- Default test -->
