<?xml version="1.0" encoding="UTF-8"?>
<testng-results ignored="0" total="2" passed="1" failed="1" skipped="0">
  <reporter-output>
  </reporter-output>
  <suite started-at="2024-10-11T14:33:09 IST" name="Default suite" finished-at="2024-10-11T14:33:10 IST" duration-ms="629">
    <groups>
    </groups>
    <test started-at="2024-10-11T14:33:09 IST" name="Default test" finished-at="2024-10-11T14:33:10 IST" duration-ms="629">
      <class name="test.ABC">
        <test-method signature="Apple()[pri:0, instance:test.ABC@45c7e403]" started-at="2024-10-11T14:33:09 IST" name="Apple" finished-at="2024-10-11T14:33:09 IST" duration-ms="17" status="PASS">
          <reporter-output>
          </reporter-output>
        </test-method> <!-- Apple -->
        <test-method signature="Banan()[pri:0, instance:test.ABC@45c7e403]" started-at="2024-10-11T14:33:09 IST" name="Banan" finished-at="2024-10-11T14:33:10 IST" duration-ms="427" status="FAIL">
          <exception class="java.lang.StackOverflowError">
            <full-stacktrace>
              <![CDATA[java.lang.StackOverflowError
at java.base/java.io.PrintStream.write(PrintStream.java:625)
at java.base/sun.nio.cs.StreamEncoder.writeBytes(StreamEncoder.java:309)
at java.base/sun.nio.cs.StreamEncoder.implFlushBuffer(StreamEncoder.java:405)
at java.base/sun.nio.cs.StreamEncoder.lockedFlushBuffer(StreamEncoder.java:123)
at java.base/sun.nio.cs.StreamEncoder.flushBuffer(StreamEncoder.java:110)
at java.base/java.io.OutputStreamWriter.flushBuffer(OutputStreamWriter.java:192)
at java.base/java.io.PrintStream.implWriteln(PrintStream.java:849)
at java.base/java.io.PrintStream.writeln(PrintStream.java:826)
at java.base/java.io.PrintStream.println(PrintStream.java:1168)
at test.ABC.Banan(ABC.java:18)
at test.ABC.Banan(ABC.java:19)
at test.ABC.Banan(ABC.java:19)
at test.ABC.Banan(ABC.java:19)
at test.ABC.Banan(ABC.java:19)
at test.ABC.Banan(ABC.java:19)
at test.ABC.Banan(ABC.java:19)
at test.ABC.Banan(ABC.java:19)
at test.ABC.Banan(ABC.java:19)
at test.ABC.Banan(ABC.java:19)
at test.ABC.Banan(ABC.java:19)
at test.ABC.Banan(ABC.java:19)
at test.ABC.Banan(ABC.java:19)
at test.ABC.Banan(ABC.java:19)
at test.ABC.Banan(ABC.java:19)
at test.ABC.Banan(ABC.java:19)
at test.ABC.Banan(ABC.java:19)
at test.ABC.Banan(ABC.java:19)
at test.ABC.Banan(ABC.java:19)
at test.ABC.Banan(ABC.java:19)
at test.ABC.Banan(ABC.java:19)
at test.ABC.Banan(ABC.java:19)
at test.ABC.Banan(ABC.java:19)
at test.ABC.Banan(ABC.java:19)
at test.ABC.Banan(ABC.java:19)
at test.ABC.Banan(ABC.java:19)
at test.ABC.Banan(ABC.java:19)
at test.ABC.Banan(ABC.java:19)
at test.ABC.Banan(ABC.java:19)
at test.ABC.Banan(ABC.java:19)
at test.ABC.Banan(ABC.java:19)
at test.ABC.Banan(ABC.java:19)
at test.ABC.Banan(ABC.java:19)
at test.ABC.Banan(ABC.java:19)
at test.ABC.Banan(ABC.java:19)
at test.ABC.Banan(ABC.java:19)
at test.ABC.Banan(ABC.java:19)
at test.ABC.Banan(ABC.java:19)
at test.ABC.Banan(ABC.java:19)
at test.ABC.Banan(ABC.java:19)
at test.ABC.Banan(ABC.java:19)
at test.ABC.Banan(ABC.java:19)
at test.ABC.Banan(ABC.java:19)
at test.ABC.Banan(ABC.java:19)
at test.ABC.Banan(ABC.java:19)
at test.ABC.Banan(ABC.java:19)
at test.ABC.Banan(ABC.java:19)
at test.ABC.Banan(ABC.java:19)
at test.ABC.Banan(ABC.java:19)
at test.ABC.Banan(ABC.java:19)
at test.ABC.Banan(ABC.java:19)
at test.ABC.Banan(ABC.java:19)
at test.ABC.Banan(ABC.java:19)
at test.ABC.Banan(ABC.java:19)
at test.ABC.Banan(ABC.java:19)
at test.ABC.Banan(ABC.java:19)
at test.ABC.Banan(ABC.java:19)
at test.ABC.Banan(ABC.java:19)
at test.ABC.Banan(ABC.java:19)
at test.ABC.Banan(ABC.java:19)
at test.ABC.Banan(ABC.java:19)
at test.ABC.Banan(ABC.java:19)
at test.ABC.Banan(ABC.java:19)
at test.ABC.Banan(ABC.java:19)
at test.ABC.Banan(ABC.java:19)
at test.ABC.Banan(ABC.java:19)
at test.ABC.Banan(ABC.java:19)
at test.ABC.Banan(ABC.java:19)
at test.ABC.Banan(ABC.java:19)
at test.ABC.Banan(ABC.java:19)
at test.ABC.Banan(ABC.java:19)
at test.ABC.Banan(ABC.java:19)
at test.ABC.Banan(ABC.java:19)
at test.ABC.Banan(ABC.java:19)
at test.ABC.Banan(ABC.java:19)
at test.ABC.Banan(ABC.java:19)
at test.ABC.Banan(ABC.java:19)
at test.ABC.Banan(ABC.java:19)
at test.ABC.Banan(ABC.java:19)
at test.ABC.Banan(ABC.java:19)
at test.ABC.Banan(ABC.java:19)
at test.ABC.Banan(ABC.java:19)
at test.ABC.Banan(ABC.java:19)
at test.ABC.Banan(ABC.java:19)
at test.ABC.Banan(ABC.java:19)
at test.ABC.Banan(ABC.java:19)
at test.ABC.Banan(ABC.java:19)
at test.ABC.Banan(ABC.java:19)
at test.ABC.Banan(ABC.java:19)
at test.ABC.Banan(ABC.java:19)
at test.ABC.Banan(ABC.java:19)
at test.ABC.Banan(ABC.java:19)
at test.ABC.Banan(ABC.java:19)
at test.ABC.Banan(ABC.java:19)
at test.ABC.Banan(ABC.java:19)
at test.ABC.Banan(ABC.java:19)
at test.ABC.Banan(ABC.java:19)
at test.ABC.Banan(ABC.java:19)
at test.ABC.Banan(ABC.java:19)
at test.ABC.Banan(ABC.java:19)
at test.ABC.Banan(ABC.java:19)
at test.ABC.Banan(ABC.java:19)
at test.ABC.Banan(ABC.java:19)
at test.ABC.Banan(ABC.java:19)
at test.ABC.Banan(ABC.java:19)
at test.ABC.Banan(ABC.java:19)
at test.ABC.Banan(ABC.java:19)
at test.ABC.Banan(ABC.java:19)
at test.ABC.Banan(ABC.java:19)
at test.ABC.Banan(ABC.java:19)
at test.ABC.Banan(ABC.java:19)
at test.ABC.Banan(ABC.java:19)
at test.ABC.Banan(ABC.java:19)
at test.ABC.Banan(ABC.java:19)
at test.ABC.Banan(ABC.java:19)
at test.ABC.Banan(ABC.java:19)
at test.ABC.Banan(ABC.java:19)
at test.ABC.Banan(ABC.java:19)
at test.ABC.Banan(ABC.java:19)
at test.ABC.Banan(ABC.java:19)
at test.ABC.Banan(ABC.java:19)
at test.ABC.Banan(ABC.java:19)
at test.ABC.Banan(ABC.java:19)
at test.ABC.Banan(ABC.java:19)
at test.ABC.Banan(ABC.java:19)
at test.ABC.Banan(ABC.java:19)
at test.ABC.Banan(ABC.java:19)
at test.ABC.Banan(ABC.java:19)
at test.ABC.Banan(ABC.java:19)
at test.ABC.Banan(ABC.java:19)
at test.ABC.Banan(ABC.java:19)
at test.ABC.Banan(ABC.java:19)
at test.ABC.Banan(ABC.java:19)
at test.ABC.Banan(ABC.java:19)
at test.ABC.Banan(ABC.java:19)
at test.ABC.Banan(ABC.java:19)
at test.ABC.Banan(ABC.java:19)
at test.ABC.Banan(ABC.java:19)
at test.ABC.Banan(ABC.java:19)
at test.ABC.Banan(ABC.java:19)
at test.ABC.Banan(ABC.java:19)
at test.ABC.Banan(ABC.java:19)
at test.ABC.Banan(ABC.java:19)
at test.ABC.Banan(ABC.java:19)
at test.ABC.Banan(ABC.java:19)
at test.ABC.Banan(ABC.java:19)
at test.ABC.Banan(ABC.java:19)
at test.ABC.Banan(ABC.java:19)
at test.ABC.Banan(ABC.java:19)
at test.ABC.Banan(ABC.java:19)
at test.ABC.Banan(ABC.java:19)
at test.ABC.Banan(ABC.java:19)
at test.ABC.Banan(ABC.java:19)
at test.ABC.Banan(ABC.java:19)
at test.ABC.Banan(ABC.java:19)
at test.ABC.Banan(ABC.java:19)
at test.ABC.Banan(ABC.java:19)
at test.ABC.Banan(ABC.java:19)
at test.ABC.Banan(ABC.java:19)
at test.ABC.Banan(ABC.java:19)
at test.ABC.Banan(ABC.java:19)
at test.ABC.Banan(ABC.java:19)
at test.ABC.Banan(ABC.java:19)
at test.ABC.Banan(ABC.java:19)
at test.ABC.Banan(ABC.java:19)
at test.ABC.Banan(ABC.java:19)
at test.ABC.Banan(ABC.java:19)
at test.ABC.Banan(ABC.java:19)
at test.ABC.Banan(ABC.java:19)
at test.ABC.Banan(ABC.java:19)
at test.ABC.Banan(ABC.java:19)
at test.ABC.Banan(ABC.java:19)
at test.ABC.Banan(ABC.java:19)
at test.ABC.Banan(ABC.java:19)
at test.ABC.Banan(ABC.java:19)
at test.ABC.Banan(ABC.java:19)
at test.ABC.Banan(ABC.java:19)
at test.ABC.Banan(ABC.java:19)
at test.ABC.Banan(ABC.java:19)
at test.ABC.Banan(ABC.java:19)
at test.ABC.Banan(ABC.java:19)
at test.ABC.Banan(ABC.java:19)
at test.ABC.Banan(ABC.java:19)
at test.ABC.Banan(ABC.java:19)
at test.ABC.Banan(ABC.java:19)
at test.ABC.Banan(ABC.java:19)
at test.ABC.Banan(ABC.java:19)
at test.ABC.Banan(ABC.java:19)
at test.ABC.Banan(ABC.java:19)
at test.ABC.Banan(ABC.java:19)
at test.ABC.Banan(ABC.java:19)
at test.ABC.Banan(ABC.java:19)
at test.ABC.Banan(ABC.java:19)
at test.ABC.Banan(ABC.java:19)
at test.ABC.Banan(ABC.java:19)
at test.ABC.Banan(ABC.java:19)
at test.ABC.Banan(ABC.java:19)
at test.ABC.Banan(ABC.java:19)
at test.ABC.Banan(ABC.java:19)
at test.ABC.Banan(ABC.java:19)
at test.ABC.Banan(ABC.java:19)
at test.ABC.Banan(ABC.java:19)
at test.ABC.Banan(ABC.java:19)
at test.ABC.Banan(ABC.java:19)
at test.ABC.Banan(ABC.java:19)
at test.ABC.Banan(ABC.java:19)
at test.ABC.Banan(ABC.java:19)
at test.ABC.Banan(ABC.java:19)
at test.ABC.Banan(ABC.java:19)
at test.ABC.Banan(ABC.java:19)
at test.ABC.Banan(ABC.java:19)
at test.ABC.Banan(ABC.java:19)
at test.ABC.Banan(ABC.java:19)
at test.ABC.Banan(ABC.java:19)
at test.ABC.Banan(ABC.java:19)
at test.ABC.Banan(ABC.java:19)
at test.ABC.Banan(ABC.java:19)
at test.ABC.Banan(ABC.java:19)
at test.ABC.Banan(ABC.java:19)
at test.ABC.Banan(ABC.java:19)
at test.ABC.Banan(ABC.java:19)
at test.ABC.Banan(ABC.java:19)
at test.ABC.Banan(ABC.java:19)
at test.ABC.Banan(ABC.java:19)
at test.ABC.Banan(ABC.java:19)
at test.ABC.Banan(ABC.java:19)
at test.ABC.Banan(ABC.java:19)
at test.ABC.Banan(ABC.java:19)
at test.ABC.Banan(ABC.java:19)
at test.ABC.Banan(ABC.java:19)
at test.ABC.Banan(ABC.java:19)
at test.ABC.Banan(ABC.java:19)
at test.ABC.Banan(ABC.java:19)
at test.ABC.Banan(ABC.java:19)
at test.ABC.Banan(ABC.java:19)
at test.ABC.Banan(ABC.java:19)
at test.ABC.Banan(ABC.java:19)
at test.ABC.Banan(ABC.java:19)
at test.ABC.Banan(ABC.java:19)
at test.ABC.Banan(ABC.java:19)
at test.ABC.Banan(ABC.java:19)
at test.ABC.Banan(ABC.java:19)
at test.ABC.Banan(ABC.java:19)
at test.ABC.Banan(ABC.java:19)
at test.ABC.Banan(ABC.java:19)
at test.ABC.Banan(ABC.java:19)
at test.ABC.Banan(ABC.java:19)
at test.ABC.Banan(ABC.java:19)
at test.ABC.Banan(ABC.java:19)
at test.ABC.Banan(ABC.java:19)
at test.ABC.Banan(ABC.java:19)
at test.ABC.Banan(ABC.java:19)
at test.ABC.Banan(ABC.java:19)
at test.ABC.Banan(ABC.java:19)
at test.ABC.Banan(ABC.java:19)
at test.ABC.Banan(ABC.java:19)
at test.ABC.Banan(ABC.java:19)
at test.ABC.Banan(ABC.java:19)
at test.ABC.Banan(ABC.java:19)
at test.ABC.Banan(ABC.java:19)
at test.ABC.Banan(ABC.java:19)
at test.ABC.Banan(ABC.java:19)
at test.ABC.Banan(ABC.java:19)
at test.ABC.Banan(ABC.java:19)
at test.ABC.Banan(ABC.java:19)
at test.ABC.Banan(ABC.java:19)
at test.ABC.Banan(ABC.java:19)
at test.ABC.Banan(ABC.java:19)
at test.ABC.Banan(ABC.java:19)
at test.ABC.Banan(ABC.java:19)
at test.ABC.Banan(ABC.java:19)
at test.ABC.Banan(ABC.java:19)
at test.ABC.Banan(ABC.java:19)
at test.ABC.Banan(ABC.java:19)
at test.ABC.Banan(ABC.java:19)
at test.ABC.Banan(ABC.java:19)
at test.ABC.Banan(ABC.java:19)
at test.ABC.Banan(ABC.java:19)
at test.ABC.Banan(ABC.java:19)
at test.ABC.Banan(ABC.java:19)
at test.ABC.Banan(ABC.java:19)
at test.ABC.Banan(ABC.java:19)
at test.ABC.Banan(ABC.java:19)
at test.ABC.Banan(ABC.java:19)
at test.ABC.Banan(ABC.java:19)
at test.ABC.Banan(ABC.java:19)
at test.ABC.Banan(ABC.java:19)
at test.ABC.Banan(ABC.java:19)
at test.ABC.Banan(ABC.java:19)
at test.ABC.Banan(ABC.java:19)
at test.ABC.Banan(ABC.java:19)
at test.ABC.Banan(ABC.java:19)
at test.ABC.Banan(ABC.java:19)
at test.ABC.Banan(ABC.java:19)
at test.ABC.Banan(ABC.java:19)
at test.ABC.Banan(ABC.java:19)
at test.ABC.Banan(ABC.java:19)
at test.ABC.Banan(ABC.java:19)
at test.ABC.Banan(ABC.java:19)
at test.ABC.Banan(ABC.java:19)
at test.ABC.Banan(ABC.java:19)
at test.ABC.Banan(ABC.java:19)
at test.ABC.Banan(ABC.java:19)
at test.ABC.Banan(ABC.java:19)
at test.ABC.Banan(ABC.java:19)
at test.ABC.Banan(ABC.java:19)
at test.ABC.Banan(ABC.java:19)
at test.ABC.Banan(ABC.java:19)
at test.ABC.Banan(ABC.java:19)
at test.ABC.Banan(ABC.java:19)
at test.ABC.Banan(ABC.java:19)
at test.ABC.Banan(ABC.java:19)
at test.ABC.Banan(ABC.java:19)
at test.ABC.Banan(ABC.java:19)
at test.ABC.Banan(ABC.java:19)
at test.ABC.Banan(ABC.java:19)
at test.ABC.Banan(ABC.java:19)
at test.ABC.Banan(ABC.java:19)
at test.ABC.Banan(ABC.java:19)
at test.ABC.Banan(ABC.java:19)
at test.ABC.Banan(ABC.java:19)
at test.ABC.Banan(ABC.java:19)
at test.ABC.Banan(ABC.java:19)
at test.ABC.Banan(ABC.java:19)
at test.ABC.Banan(ABC.java:19)
at test.ABC.Banan(ABC.java:19)
at test.ABC.Banan(ABC.java:19)
at test.ABC.Banan(ABC.java:19)
at test.ABC.Banan(ABC.java:19)
at test.ABC.Banan(ABC.java:19)
at test.ABC.Banan(ABC.java:19)
at test.ABC.Banan(ABC.java:19)
at test.ABC.Banan(ABC.java:19)
at test.ABC.Banan(ABC.java:19)
at test.ABC.Banan(ABC.java:19)
at test.ABC.Banan(ABC.java:19)
at test.ABC.Banan(ABC.java:19)
at test.ABC.Banan(ABC.java:19)
at test.ABC.Banan(ABC.java:19)
at test.ABC.Banan(ABC.java:19)
at test.ABC.Banan(ABC.java:19)
at test.ABC.Banan(ABC.java:19)
at test.ABC.Banan(ABC.java:19)
at test.ABC.Banan(ABC.java:19)
at test.ABC.Banan(ABC.java:19)
at test.ABC.Banan(ABC.java:19)
at test.ABC.Banan(ABC.java:19)
at test.ABC.Banan(ABC.java:19)
at test.ABC.Banan(ABC.java:19)
at test.ABC.Banan(ABC.java:19)
at test.ABC.Banan(ABC.java:19)
at test.ABC.Banan(ABC.java:19)
at test.ABC.Banan(ABC.java:19)
at test.ABC.Banan(ABC.java:19)
at test.ABC.Banan(ABC.java:19)
at test.ABC.Banan(ABC.java:19)
at test.ABC.Banan(ABC.java:19)
at test.ABC.Banan(ABC.java:19)
at test.ABC.Banan(ABC.java:19)
at test.ABC.Banan(ABC.java:19)
at test.ABC.Banan(ABC.java:19)
at test.ABC.Banan(ABC.java:19)
at test.ABC.Banan(ABC.java:19)
at test.ABC.Banan(ABC.java:19)
at test.ABC.Banan(ABC.java:19)
at test.ABC.Banan(ABC.java:19)
at test.ABC.Banan(ABC.java:19)
at test.ABC.Banan(ABC.java:19)
at test.ABC.Banan(ABC.java:19)
at test.ABC.Banan(ABC.java:19)
at test.ABC.Banan(ABC.java:19)
at test.ABC.Banan(ABC.java:19)
at test.ABC.Banan(ABC.java:19)
at test.ABC.Banan(ABC.java:19)
at test.ABC.Banan(ABC.java:19)
at test.ABC.Banan(ABC.java:19)
at test.ABC.Banan(ABC.java:19)
at test.ABC.Banan(ABC.java:19)
at test.ABC.Banan(ABC.java:19)
at test.ABC.Banan(ABC.java:19)
at test.ABC.Banan(ABC.java:19)
at test.ABC.Banan(ABC.java:19)
at test.ABC.Banan(ABC.java:19)
at test.ABC.Banan(ABC.java:19)
at test.ABC.Banan(ABC.java:19)
at test.ABC.Banan(ABC.java:19)
at test.ABC.Banan(ABC.java:19)
at test.ABC.Banan(ABC.java:19)
at test.ABC.Banan(ABC.java:19)
at test.ABC.Banan(ABC.java:19)
at test.ABC.Banan(ABC.java:19)
at test.ABC.Banan(ABC.java:19)
at test.ABC.Banan(ABC.java:19)
at test.ABC.Banan(ABC.java:19)
at test.ABC.Banan(ABC.java:19)
at test.ABC.Banan(ABC.java:19)
at test.ABC.Banan(ABC.java:19)
at test.ABC.Banan(ABC.java:19)
at test.ABC.Banan(ABC.java:19)
at test.ABC.Banan(ABC.java:19)
at test.ABC.Banan(ABC.java:19)
at test.ABC.Banan(ABC.java:19)
at test.ABC.Banan(ABC.java:19)
at test.ABC.Banan(ABC.java:19)
at test.ABC.Banan(ABC.java:19)
at test.ABC.Banan(ABC.java:19)
at test.ABC.Banan(ABC.java:19)
at test.ABC.Banan(ABC.java:19)
at test.ABC.Banan(ABC.java:19)
at test.ABC.Banan(ABC.java:19)
at test.ABC.Banan(ABC.java:19)
at test.ABC.Banan(ABC.java:19)
at test.ABC.Banan(ABC.java:19)
at test.ABC.Banan(ABC.java:19)
at test.ABC.Banan(ABC.java:19)
at test.ABC.Banan(ABC.java:19)
at test.ABC.Banan(ABC.java:19)
at test.ABC.Banan(ABC.java:19)
at test.ABC.Banan(ABC.java:19)
at test.ABC.Banan(ABC.java:19)
at test.ABC.Banan(ABC.java:19)
at test.ABC.Banan(ABC.java:19)
at test.ABC.Banan(ABC.java:19)
at test.ABC.Banan(ABC.java:19)
at test.ABC.Banan(ABC.java:19)
at test.ABC.Banan(ABC.java:19)
at test.ABC.Banan(ABC.java:19)
at test.ABC.Banan(ABC.java:19)
at test.ABC.Banan(ABC.java:19)
at test.ABC.Banan(ABC.java:19)
at test.ABC.Banan(ABC.java:19)
at test.ABC.Banan(ABC.java:19)
at test.ABC.Banan(ABC.java:19)
at test.ABC.Banan(ABC.java:19)
at test.ABC.Banan(ABC.java:19)
at test.ABC.Banan(ABC.java:19)
at test.ABC.Banan(ABC.java:19)
at test.ABC.Banan(ABC.java:19)
at test.ABC.Banan(ABC.java:19)
at test.ABC.Banan(ABC.java:19)
at test.ABC.Banan(ABC.java:19)
at test.ABC.Banan(ABC.java:19)
at test.ABC.Banan(ABC.java:19)
at test.ABC.Banan(ABC.java:19)
at test.ABC.Banan(ABC.java:19)
at test.ABC.Banan(ABC.java:19)
at test.ABC.Banan(ABC.java:19)
at test.ABC.Banan(ABC.java:19)
at test.ABC.Banan(ABC.java:19)
at test.ABC.Banan(ABC.java:19)
at test.ABC.Banan(ABC.java:19)
at test.ABC.Banan(ABC.java:19)
at test.ABC.Banan(ABC.java:19)
at test.ABC.Banan(ABC.java:19)
at test.ABC.Banan(ABC.java:19)
at test.ABC.Banan(ABC.java:19)
at test.ABC.Banan(ABC.java:19)
at test.ABC.Banan(ABC.java:19)
at test.ABC.Banan(ABC.java:19)
at test.ABC.Banan(ABC.java:19)
at test.ABC.Banan(ABC.java:19)
at test.ABC.Banan(ABC.java:19)
at test.ABC.Banan(ABC.java:19)
at test.ABC.Banan(ABC.java:19)
at test.ABC.Banan(ABC.java:19)
at test.ABC.Banan(ABC.java:19)
at test.ABC.Banan(ABC.java:19)
at test.ABC.Banan(ABC.java:19)
at test.ABC.Banan(ABC.java:19)
at test.ABC.Banan(ABC.java:19)
at test.ABC.Banan(ABC.java:19)
at test.ABC.Banan(ABC.java:19)
at test.ABC.Banan(ABC.java:19)
at test.ABC.Banan(ABC.java:19)
at test.ABC.Banan(ABC.java:19)
at test.ABC.Banan(ABC.java:19)
at test.ABC.Banan(ABC.java:19)
at test.ABC.Banan(ABC.java:19)
at test.ABC.Banan(ABC.java:19)
at test.ABC.Banan(ABC.java:19)
at test.ABC.Banan(ABC.java:19)
at test.ABC.Banan(ABC.java:19)
at test.ABC.Banan(ABC.java:19)
at test.ABC.Banan(ABC.java:19)
at test.ABC.Banan(ABC.java:19)
at test.ABC.Banan(ABC.java:19)
at test.ABC.Banan(ABC.java:19)
at test.ABC.Banan(ABC.java:19)
at test.ABC.Banan(ABC.java:19)
at test.ABC.Banan(ABC.java:19)
at test.ABC.Banan(ABC.java:19)
at test.ABC.Banan(ABC.java:19)
at test.ABC.Banan(ABC.java:19)
at test.ABC.Banan(ABC.java:19)
at test.ABC.Banan(ABC.java:19)
at test.ABC.Banan(ABC.java:19)
at test.ABC.Banan(ABC.java:19)
at test.ABC.Banan(ABC.java:19)
at test.ABC.Banan(ABC.java:19)
at test.ABC.Banan(ABC.java:19)
at test.ABC.Banan(ABC.java:19)
at test.ABC.Banan(ABC.java:19)
at test.ABC.Banan(ABC.java:19)
at test.ABC.Banan(ABC.java:19)
at test.ABC.Banan(ABC.java:19)
at test.ABC.Banan(ABC.java:19)
at test.ABC.Banan(ABC.java:19)
at test.ABC.Banan(ABC.java:19)
at test.ABC.Banan(ABC.java:19)
at test.ABC.Banan(ABC.java:19)
at test.ABC.Banan(ABC.java:19)
at test.ABC.Banan(ABC.java:19)
at test.ABC.Banan(ABC.java:19)
at test.ABC.Banan(ABC.java:19)
at test.ABC.Banan(ABC.java:19)
at test.ABC.Banan(ABC.java:19)
at test.ABC.Banan(ABC.java:19)
at test.ABC.Banan(ABC.java:19)
at test.ABC.Banan(ABC.java:19)
at test.ABC.Banan(ABC.java:19)
at test.ABC.Banan(ABC.java:19)
at test.ABC.Banan(ABC.java:19)
at test.ABC.Banan(ABC.java:19)
at test.ABC.Banan(ABC.java:19)
at test.ABC.Banan(ABC.java:19)
at test.ABC.Banan(ABC.java:19)
at test.ABC.Banan(ABC.java:19)
at test.ABC.Banan(ABC.java:19)
at test.ABC.Banan(ABC.java:19)
at test.ABC.Banan(ABC.java:19)
at test.ABC.Banan(ABC.java:19)
at test.ABC.Banan(ABC.java:19)
at test.ABC.Banan(ABC.java:19)
at test.ABC.Banan(ABC.java:19)
at test.ABC.Banan(ABC.java:19)
at test.ABC.Banan(ABC.java:19)
at test.ABC.Banan(ABC.java:19)
at test.ABC.Banan(ABC.java:19)
at test.ABC.Banan(ABC.java:19)
at test.ABC.Banan(ABC.java:19)
at test.ABC.Banan(ABC.java:19)
at test.ABC.Banan(ABC.java:19)
at test.ABC.Banan(ABC.java:19)
at test.ABC.Banan(ABC.java:19)
at test.ABC.Banan(ABC.java:19)
at test.ABC.Banan(ABC.java:19)
at test.ABC.Banan(ABC.java:19)
at test.ABC.Banan(ABC.java:19)
at test.ABC.Banan(ABC.java:19)
at test.ABC.Banan(ABC.java:19)
at test.ABC.Banan(ABC.java:19)
at test.ABC.Banan(ABC.java:19)
at test.ABC.Banan(ABC.java:19)
at test.ABC.Banan(ABC.java:19)
at test.ABC.Banan(ABC.java:19)
at test.ABC.Banan(ABC.java:19)
at test.ABC.Banan(ABC.java:19)
at test.ABC.Banan(ABC.java:19)
at test.ABC.Banan(ABC.java:19)
at test.ABC.Banan(ABC.java:19)
at test.ABC.Banan(ABC.java:19)
at test.ABC.Banan(ABC.java:19)
at test.ABC.Banan(ABC.java:19)
at test.ABC.Banan(ABC.java:19)
at test.ABC.Banan(ABC.java:19)
at test.ABC.Banan(ABC.java:19)
at test.ABC.Banan(ABC.java:19)
at test.ABC.Banan(ABC.java:19)
at test.ABC.Banan(ABC.java:19)
at test.ABC.Banan(ABC.java:19)
at test.ABC.Banan(ABC.java:19)
at test.ABC.Banan(ABC.java:19)
at test.ABC.Banan(ABC.java:19)
at test.ABC.Banan(ABC.java:19)
at test.ABC.Banan(ABC.java:19)
at test.ABC.Banan(ABC.java:19)
at test.ABC.Banan(ABC.java:19)
at test.ABC.Banan(ABC.java:19)
at test.ABC.Banan(ABC.java:19)
at test.ABC.Banan(ABC.java:19)
at test.ABC.Banan(ABC.java:19)
at test.ABC.Banan(ABC.java:19)
at test.ABC.Banan(ABC.java:19)
at test.ABC.Banan(ABC.java:19)
at test.ABC.Banan(ABC.java:19)
at test.ABC.Banan(ABC.java:19)
at test.ABC.Banan(ABC.java:19)
at test.ABC.Banan(ABC.java:19)
at test.ABC.Banan(ABC.java:19)
at test.ABC.Banan(ABC.java:19)
at test.ABC.Banan(ABC.java:19)
at test.ABC.Banan(ABC.java:19)
at test.ABC.Banan(ABC.java:19)
at test.ABC.Banan(ABC.java:19)
at test.ABC.Banan(ABC.java:19)
at test.ABC.Banan(ABC.java:19)
at test.ABC.Banan(ABC.java:19)
at test.ABC.Banan(ABC.java:19)
at test.ABC.Banan(ABC.java:19)
at test.ABC.Banan(ABC.java:19)
at test.ABC.Banan(ABC.java:19)
at test.ABC.Banan(ABC.java:19)
at test.ABC.Banan(ABC.java:19)
at test.ABC.Banan(ABC.java:19)
at test.ABC.Banan(ABC.java:19)
at test.ABC.Banan(ABC.java:19)
at test.ABC.Banan(ABC.java:19)
at test.ABC.Banan(ABC.java:19)
at test.ABC.Banan(ABC.java:19)
at test.ABC.Banan(ABC.java:19)
at test.ABC.Banan(ABC.java:19)
at test.ABC.Banan(ABC.java:19)
at test.ABC.Banan(ABC.java:19)
at test.ABC.Banan(ABC.java:19)
at test.ABC.Banan(ABC.java:19)
at test.ABC.Banan(ABC.java:19)
at test.ABC.Banan(ABC.java:19)
at test.ABC.Banan(ABC.java:19)
at test.ABC.Banan(ABC.java:19)
at test.ABC.Banan(ABC.java:19)
at test.ABC.Banan(ABC.java:19)
at test.ABC.Banan(ABC.java:19)
at test.ABC.Banan(ABC.java:19)
at test.ABC.Banan(ABC.java:19)
at test.ABC.Banan(ABC.java:19)
at test.ABC.Banan(ABC.java:19)
at test.ABC.Banan(ABC.java:19)
at test.ABC.Banan(ABC.java:19)
at test.ABC.Banan(ABC.java:19)
at test.ABC.Banan(ABC.java:19)
at test.ABC.Banan(ABC.java:19)
at test.ABC.Banan(ABC.java:19)
at test.ABC.Banan(ABC.java:19)
at test.ABC.Banan(ABC.java:19)
at test.ABC.Banan(ABC.java:19)
at test.ABC.Banan(ABC.java:19)
at test.ABC.Banan(ABC.java:19)
at test.ABC.Banan(ABC.java:19)
at test.ABC.Banan(ABC.java:19)
at test.ABC.Banan(ABC.java:19)
at test.ABC.Banan(ABC.java:19)
at test.ABC.Banan(ABC.java:19)
at test.ABC.Banan(ABC.java:19)
at test.ABC.Banan(ABC.java:19)
at test.ABC.Banan(ABC.java:19)
at test.ABC.Banan(ABC.java:19)
at test.ABC.Banan(ABC.java:19)
at test.ABC.Banan(ABC.java:19)
at test.ABC.Banan(ABC.java:19)
at test.ABC.Banan(ABC.java:19)
at test.ABC.Banan(ABC.java:19)
at test.ABC.Banan(ABC.java:19)
at test.ABC.Banan(ABC.java:19)
at test.ABC.Banan(ABC.java:19)
at test.ABC.Banan(ABC.java:19)
at test.ABC.Banan(ABC.java:19)
at test.ABC.Banan(ABC.java:19)
at test.ABC.Banan(ABC.java:19)
at test.ABC.Banan(ABC.java:19)
at test.ABC.Banan(ABC.java:19)
at test.ABC.Banan(ABC.java:19)
at test.ABC.Banan(ABC.java:19)
at test.ABC.Banan(ABC.java:19)
at test.ABC.Banan(ABC.java:19)
at test.ABC.Banan(ABC.java:19)
at test.ABC.Banan(ABC.java:19)
at test.ABC.Banan(ABC.java:19)
at test.ABC.Banan(ABC.java:19)
at test.ABC.Banan(ABC.java:19)
at test.ABC.Banan(ABC.java:19)
at test.ABC.Banan(ABC.java:19)
at test.ABC.Banan(ABC.java:19)
at test.ABC.Banan(ABC.java:19)
at test.ABC.Banan(ABC.java:19)
at test.ABC.Banan(ABC.java:19)
at test.ABC.Banan(ABC.java:19)
at test.ABC.Banan(ABC.java:19)
at test.ABC.Banan(ABC.java:19)
at test.ABC.Banan(ABC.java:19)
at test.ABC.Banan(ABC.java:19)
at test.ABC.Banan(ABC.java:19)
at test.ABC.Banan(ABC.java:19)
at test.ABC.Banan(ABC.java:19)
at test.ABC.Banan(ABC.java:19)
at test.ABC.Banan(ABC.java:19)
at test.ABC.Banan(ABC.java:19)
at test.ABC.Banan(ABC.java:19)
at test.ABC.Banan(ABC.java:19)
at test.ABC.Banan(ABC.java:19)
at test.ABC.Banan(ABC.java:19)
at test.ABC.Banan(ABC.java:19)
at test.ABC.Banan(ABC.java:19)
at test.ABC.Banan(ABC.java:19)
at test.ABC.Banan(ABC.java:19)
at test.ABC.Banan(ABC.java:19)
at test.ABC.Banan(ABC.java:19)
at test.ABC.Banan(ABC.java:19)
at test.ABC.Banan(ABC.java:19)
at test.ABC.Banan(ABC.java:19)
at test.ABC.Banan(ABC.java:19)
at test.ABC.Banan(ABC.java:19)
at test.ABC.Banan(ABC.java:19)
at test.ABC.Banan(ABC.java:19)
at test.ABC.Banan(ABC.java:19)
at test.ABC.Banan(ABC.java:19)
at test.ABC.Banan(ABC.java:19)
at test.ABC.Banan(ABC.java:19)
at test.ABC.Banan(ABC.java:19)
at test.ABC.Banan(ABC.java:19)
at test.ABC.Banan(ABC.java:19)
at test.ABC.Banan(ABC.java:19)
at test.ABC.Banan(ABC.java:19)
at test.ABC.Banan(ABC.java:19)
at test.ABC.Banan(ABC.java:19)
at test.ABC.Banan(ABC.java:19)
at test.ABC.Banan(ABC.java:19)
at test.ABC.Banan(ABC.java:19)
at test.ABC.Banan(ABC.java:19)
at test.ABC.Banan(ABC.java:19)
at test.ABC.Banan(ABC.java:19)
at test.ABC.Banan(ABC.java:19)
at test.ABC.Banan(ABC.java:19)
at test.ABC.Banan(ABC.java:19)
at test.ABC.Banan(ABC.java:19)
at test.ABC.Banan(ABC.java:19)
at test.ABC.Banan(ABC.java:19)
at test.ABC.Banan(ABC.java:19)
at test.ABC.Banan(ABC.java:19)
at test.ABC.Banan(ABC.java:19)
at test.ABC.Banan(ABC.java:19)
at test.ABC.Banan(ABC.java:19)
at test.ABC.Banan(ABC.java:19)
at test.ABC.Banan(ABC.java:19)
at test.ABC.Banan(ABC.java:19)
at test.ABC.Banan(ABC.java:19)
at test.ABC.Banan(ABC.java:19)
at test.ABC.Banan(ABC.java:19)
at test.ABC.Banan(ABC.java:19)
at test.ABC.Banan(ABC.java:19)
at test.ABC.Banan(ABC.java:19)
at test.ABC.Banan(ABC.java:19)
at test.ABC.Banan(ABC.java:19)
at test.ABC.Banan(ABC.java:19)
at test.ABC.Banan(ABC.java:19)
at test.ABC.Banan(ABC.java:19)
at test.ABC.Banan(ABC.java:19)
at test.ABC.Banan(ABC.java:19)
at test.ABC.Banan(ABC.java:19)
at test.ABC.Banan(ABC.java:19)
at test.ABC.Banan(ABC.java:19)
at test.ABC.Banan(ABC.java:19)
at test.ABC.Banan(ABC.java:19)
at test.ABC.Banan(ABC.java:19)
at test.ABC.Banan(ABC.java:19)
at test.ABC.Banan(ABC.java:19)
at test.ABC.Banan(ABC.java:19)
at test.ABC.Banan(ABC.java:19)
at test.ABC.Banan(ABC.java:19)
at test.ABC.Banan(ABC.java:19)
at test.ABC.Banan(ABC.java:19)
at test.ABC.Banan(ABC.java:19)
at test.ABC.Banan(ABC.java:19)
at test.ABC.Banan(ABC.java:19)
at test.ABC.Banan(ABC.java:19)
at test.ABC.Banan(ABC.java:19)
at test.ABC.Banan(ABC.java:19)
at test.ABC.Banan(ABC.java:19)
at test.ABC.Banan(ABC.java:19)
at test.ABC.Banan(ABC.java:19)
at test.ABC.Banan(ABC.java:19)
at test.ABC.Banan(ABC.java:19)
at test.ABC.Banan(ABC.java:19)
at test.ABC.Banan(ABC.java:19)
at test.ABC.Banan(ABC.java:19)
at test.ABC.Banan(ABC.java:19)
at test.ABC.Banan(ABC.java:19)
at test.ABC.Banan(ABC.java:19)
at test.ABC.Banan(ABC.java:19)
at test.ABC.Banan(ABC.java:19)
at test.ABC.Banan(ABC.java:19)
at test.ABC.Banan(ABC.java:19)
at test.ABC.Banan(ABC.java:19)
at test.ABC.Banan(ABC.java:19)
at test.ABC.Banan(ABC.java:19)
at test.ABC.Banan(ABC.java:19)
at test.ABC.Banan(ABC.java:19)
at test.ABC.Banan(ABC.java:19)
at test.ABC.Banan(ABC.java:19)
at test.ABC.Banan(ABC.java:19)
at test.ABC.Banan(ABC.java:19)
at test.ABC.Banan(ABC.java:19)
at test.ABC.Banan(ABC.java:19)
at test.ABC.Banan(ABC.java:19)
at test.ABC.Banan(ABC.java:19)
at test.ABC.Banan(ABC.java:19)
at test.ABC.Banan(ABC.java:19)
at test.ABC.Banan(ABC.java:19)
at test.ABC.Banan(ABC.java:19)
at test.ABC.Banan(ABC.java:19)
at test.ABC.Banan(ABC.java:19)
at test.ABC.Banan(ABC.java:19)
at test.ABC.Banan(ABC.java:19)
at test.ABC.Banan(ABC.java:19)
at test.ABC.Banan(ABC.java:19)
at test.ABC.Banan(ABC.java:19)
at test.ABC.Banan(ABC.java:19)
at test.ABC.Banan(ABC.java:19)
at test.ABC.Banan(ABC.java:19)
at test.ABC.Banan(ABC.java:19)
at test.ABC.Banan(ABC.java:19)
at test.ABC.Banan(ABC.java:19)
at test.ABC.Banan(ABC.java:19)
at test.ABC.Banan(ABC.java:19)
at test.ABC.Banan(ABC.java:19)
at test.ABC.Banan(ABC.java:19)
at test.ABC.Banan(ABC.java:19)
at test.ABC.Banan(ABC.java:19)
at test.ABC.Banan(ABC.java:19)
at test.ABC.Banan(ABC.java:19)
at test.ABC.Banan(ABC.java:19)
at test.ABC.Banan(ABC.java:19)
at test.ABC.Banan(ABC.java:19)
at test.ABC.Banan(ABC.java:19)
at test.ABC.Banan(ABC.java:19)
at test.ABC.Banan(ABC.java:19)
at test.ABC.Banan(ABC.java:19)
at test.ABC.Banan(ABC.java:19)
at test.ABC.Banan(ABC.java:19)
at test.ABC.Banan(ABC.java:19)
at test.ABC.Banan(ABC.java:19)
at test.ABC.Banan(ABC.java:19)
at test.ABC.Banan(ABC.java:19)
at test.ABC.Banan(ABC.java:19)
at test.ABC.Banan(ABC.java:19)
at test.ABC.Banan(ABC.java:19)
at test.ABC.Banan(ABC.java:19)
at test.ABC.Banan(ABC.java:19)
at test.ABC.Banan(ABC.java:19)
at test.ABC.Banan(ABC.java:19)
at test.ABC.Banan(ABC.java:19)
at test.ABC.Banan(ABC.java:19)
at test.ABC.Banan(ABC.java:19)
at test.ABC.Banan(ABC.java:19)
at test.ABC.Banan(ABC.java:19)
at test.ABC.Banan(ABC.java:19)
at test.ABC.Banan(ABC.java:19)
at test.ABC.Banan(ABC.java:19)
at test.ABC.Banan(ABC.java:19)
at test.ABC.Banan(ABC.java:19)
at test.ABC.Banan(ABC.java:19)
at test.ABC.Banan(ABC.java:19)
at test.ABC.Banan(ABC.java:19)
at test.ABC.Banan(ABC.java:19)
at test.ABC.Banan(ABC.java:19)
at test.ABC.Banan(ABC.java:19)
at test.ABC.Banan(ABC.java:19)
at test.ABC.Banan(ABC.java:19)
at test.ABC.Banan(ABC.java:19)
at test.ABC.Banan(ABC.java:19)
at test.ABC.Banan(ABC.java:19)
at test.ABC.Banan(ABC.java:19)
at test.ABC.Banan(ABC.java:19)
at test.ABC.Banan(ABC.java:19)
at test.ABC.Banan(ABC.java:19)
at test.ABC.Banan(ABC.java:19)
at test.ABC.Banan(ABC.java:19)
at test.ABC.Banan(ABC.java:19)
at test.ABC.Banan(ABC.java:19)
at test.ABC.Banan(ABC.java:19)
at test.ABC.Banan(ABC.java:19)
at test.ABC.Banan(ABC.java:19)
at test.ABC.Banan(ABC.java:19)
at test.ABC.Banan(ABC.java:19)
at test.ABC.Banan(ABC.java:19)
at test.ABC.Banan(ABC.java:19)
at test.ABC.Banan(ABC.java:19)
at test.ABC.Banan(ABC.java:19)
at test.ABC.Banan(ABC.java:19)
at test.ABC.Banan(ABC.java:19)
at test.ABC.Banan(ABC.java:19)
at test.ABC.Banan(ABC.java:19)
at test.ABC.Banan(ABC.java:19)
at test.ABC.Banan(ABC.java:19)
at test.ABC.Banan(ABC.java:19)
at test.ABC.Banan(ABC.java:19)
at test.ABC.Banan(ABC.java:19)
at test.ABC.Banan(ABC.java:19)
at test.ABC.Banan(ABC.java:19)
at test.ABC.Banan(ABC.java:19)
at test.ABC.Banan(ABC.java:19)
at test.ABC.Banan(ABC.java:19)
at test.ABC.Banan(ABC.java:19)
at test.ABC.Banan(ABC.java:19)
at test.ABC.Banan(ABC.java:19)
at test.ABC.Banan(ABC.java:19)
at test.ABC.Banan(ABC.java:19)
at test.ABC.Banan(ABC.java:19)
at test.ABC.Banan(ABC.java:19)
at test.ABC.Banan(ABC.java:19)
at test.ABC.Banan(ABC.java:19)
at test.ABC.Banan(ABC.java:19)
at test.ABC.Banan(ABC.java:19)
at test.ABC.Banan(ABC.java:19)
at test.ABC.Banan(ABC.java:19)
at test.ABC.Banan(ABC.java:19)
at test.ABC.Banan(ABC.java:19)
at test.ABC.Banan(ABC.java:19)
at test.ABC.Banan(ABC.java:19)
at test.ABC.Banan(ABC.java:19)
at test.ABC.Banan(ABC.java:19)
at test.ABC.Banan(ABC.java:19)
at test.ABC.Banan(ABC.java:19)
at test.ABC.Banan(ABC.java:19)
at test.ABC.Banan(ABC.java:19)
at test.ABC.Banan(ABC.java:19)
at test.ABC.Banan(ABC.java:19)
at test.ABC.Banan(ABC.java:19)
at test.ABC.Banan(ABC.java:19)
at test.ABC.Banan(ABC.java:19)
at test.ABC.Banan(ABC.java:19)
at test.ABC.Banan(ABC.java:19)
at test.ABC.Banan(ABC.java:19)
at test.ABC.Banan(ABC.java:19)
at test.ABC.Banan(ABC.java:19)
at test.ABC.Banan(ABC.java:19)
at test.ABC.Banan(ABC.java:19)
at test.ABC.Banan(ABC.java:19)
at test.ABC.Banan(ABC.java:19)
at test.ABC.Banan(ABC.java:19)
at test.ABC.Banan(ABC.java:19)
at test.ABC.Banan(ABC.java:19)
at test.ABC.Banan(ABC.java:19)
at test.ABC.Banan(ABC.java:19)
at test.ABC.Banan(ABC.java:19)
at test.ABC.Banan(ABC.java:19)
at test.ABC.Banan(ABC.java:19)
at test.ABC.Banan(ABC.java:19)
at test.ABC.Banan(ABC.java:19)
at test.ABC.Banan(ABC.java:19)
at test.ABC.Banan(ABC.java:19)
at test.ABC.Banan(ABC.java:19)
at test.ABC.Banan(ABC.java:19)
at test.ABC.Banan(ABC.java:19)
at test.ABC.Banan(ABC.java:19)
at test.ABC.Banan(ABC.java:19)
at test.ABC.Banan(ABC.java:19)
at test.ABC.Banan(ABC.java:19)
at test.ABC.Banan(ABC.java:19)
at test.ABC.Banan(ABC.java:19)
at test.ABC.Banan(ABC.java:19)
at test.ABC.Banan(ABC.java:19)
at test.ABC.Banan(ABC.java:19)
at test.ABC.Banan(ABC.java:19)
at test.ABC.Banan(ABC.java:19)
at test.ABC.Banan(ABC.java:19)
at test.ABC.Banan(ABC.java:19)
at test.ABC.Banan(ABC.java:19)
at test.ABC.Banan(ABC.java:19)
at test.ABC.Banan(ABC.java:19)
at test.ABC.Banan(ABC.java:19)
at test.ABC.Banan(ABC.java:19)
at test.ABC.Banan(ABC.java:19)
at test.ABC.Banan(ABC.java:19)
at test.ABC.Banan(ABC.java:19)
at test.ABC.Banan(ABC.java:19)
at test.ABC.Banan(ABC.java:19)
at test.ABC.Banan(ABC.java:19)
at test.ABC.Banan(ABC.java:19)
at test.ABC.Banan(ABC.java:19)
at test.ABC.Banan(ABC.java:19)
at test.ABC.Banan(ABC.java:19)
at test.ABC.Banan(ABC.java:19)
at test.ABC.Banan(ABC.java:19)
at test.ABC.Banan(ABC.java:19)
at test.ABC.Banan(ABC.java:19)
at test.ABC.Banan(ABC.java:19)
at test.ABC.Banan(ABC.java:19)
at test.ABC.Banan(ABC.java:19)
at test.ABC.Banan(ABC.java:19)
at test.ABC.Banan(ABC.java:19)
at test.ABC.Banan(ABC.java:19)
at test.ABC.Banan(ABC.java:19)
at test.ABC.Banan(ABC.java:19)
at test.ABC.Banan(ABC.java:19)
at test.ABC.Banan(ABC.java:19)
at test.ABC.Banan(ABC.java:19)
at test.ABC.Banan(ABC.java:19)
at test.ABC.Banan(ABC.java:19)
at test.ABC.Banan(ABC.java:19)
at test.ABC.Banan(ABC.java:19)
at test.ABC.Banan(ABC.java:19)
at test.ABC.Banan(ABC.java:19)
at test.ABC.Banan(ABC.java:19)
at test.ABC.Banan(ABC.java:19)
at test.ABC.Banan(ABC.java:19)
at test.ABC.Banan(ABC.java:19)
at test.ABC.Banan(ABC.java:19)
at test.ABC.Banan(ABC.java:19)
at test.ABC.Banan(ABC.java:19)
at test.ABC.Banan(ABC.java:19)
at test.ABC.Banan(ABC.java:19)
at test.ABC.Banan(ABC.java:19)
at test.ABC.Banan(ABC.java:19)
at test.ABC.Banan(ABC.java:19)
at test.ABC.Banan(ABC.java:19)
at test.ABC.Banan(ABC.java:19)
at test.ABC.Banan(ABC.java:19)
at test.ABC.Banan(ABC.java:19)
at test.ABC.Banan(ABC.java:19)
at test.ABC.Banan(ABC.java:19)
at test.ABC.Banan(ABC.java:19)
at test.ABC.Banan(ABC.java:19)
at test.ABC.Banan(ABC.java:19)
at test.ABC.Banan(ABC.java:19)
at test.ABC.Banan(ABC.java:19)
]]>
            </full-stacktrace>
          </exception> <!-- java.lang.StackOverflowError -->
          <reporter-output>
          </reporter-output>
        </test-method> <!-- Banan -->
      </class> <!-- test.ABC -->
    </test> <!-- Default test -->
  </suite> <!-- Default suite -->
</testng-results>
